This is pdfTeX, Version 3.141592653-2.6-1.40.26 (TeX Live 2024) (preloaded format=pdflatex 2024.8.12)  12 AUG 2024 14:24
entering extended mode
 restricted \write18 enabled.
 %&-line parsing enabled.
**C:/Users/samra/AppData/Local/Temp/Rtmp6X0Ogv/file2ba8fe86ba1.tex
(c:/Users/samra/AppData/Local/Temp/Rtmp6X0Ogv/file2ba8fe86ba1.tex
LaTeX2e <2024-06-01> patch level 2
L3 programming layer <2024-07-20>
(c:/Users/samra/AppData/Roaming/TinyTeX/texmf-dist/tex/latex/base/article.cls
Document Class: article 2024/02/08 v1.4n Standard LaTeX document class
(c:/Users/samra/AppData/Roaming/TinyTeX/texmf-dist/tex/latex/base/size11.clo
File: size11.clo 2024/02/08 v1.4n Standard LaTeX file (size option)
)
\c@part=\count194
\c@section=\count195
\c@subsection=\count196
\c@subsubsection=\count197
\c@paragraph=\count198
\c@subparagraph=\count199
\c@figure=\count266
\c@table=\count267
\abovecaptionskip=\skip49
\belowcaptionskip=\skip50
\bibindent=\dimen141
) (c:/Users/samra/AppData/Roaming/TinyTeX/texmf-dist/tex/latex/amsmath/amsmath.sty
Package: amsmath 2024/05/23 v2.17q AMS math features
\@mathmargin=\skip51
For additional information on amsmath, use the `?' option.
(c:/Users/samra/AppData/Roaming/TinyTeX/texmf-dist/tex/latex/amsmath/amstext.sty
Package: amstext 2021/08/26 v2.01 AMS text
(c:/Users/samra/AppData/Roaming/TinyTeX/texmf-dist/tex/latex/amsmath/amsgen.sty
File: amsgen.sty 1999/11/30 v2.0 generic functions
\@emptytoks=\toks17
\ex@=\dimen142
)) (c:/Users/samra/AppData/Roaming/TinyTeX/texmf-dist/tex/latex/amsmath/amsbsy.sty
Package: amsbsy 1999/11/29 v1.2d Bold Symbols
\pmbraise@=\dimen143
) (c:/Users/samra/AppData/Roaming/TinyTeX/texmf-dist/tex/latex/amsmath/amsopn.sty
Package: amsopn 2022/04/08 v2.04 operator names
)
\inf@bad=\count268
LaTeX Info: Redefining \frac on input line 233.
\uproot@=\count269
\leftroot@=\count270
LaTeX Info: Redefining \overline on input line 398.
LaTeX Info: Redefining \colon on input line 409.
\classnum@=\count271
\DOTSCASE@=\count272
LaTeX Info: Redefining \ldots on input line 495.
LaTeX Info: Redefining \dots on input line 498.
LaTeX Info: Redefining \cdots on input line 619.
\Mathstrutbox@=\box52
\strutbox@=\box53
LaTeX Info: Redefining \big on input line 721.
LaTeX Info: Redefining \Big on input line 722.
LaTeX Info: Redefining \bigg on input line 723.
LaTeX Info: Redefining \Bigg on input line 724.
\big@size=\dimen144
LaTeX Font Info:    Redeclaring font encoding OML on input line 742.
LaTeX Font Info:    Redeclaring font encoding OMS on input line 743.
\macc@depth=\count273
LaTeX Info: Redefining \bmod on input line 904.
LaTeX Info: Redefining \pmod on input line 909.
LaTeX Info: Redefining \smash on input line 939.
LaTeX Info: Redefining \relbar on input line 969.
LaTeX Info: Redefining \Relbar on input line 970.
\c@MaxMatrixCols=\count274
\dotsspace@=\muskip17
\c@parentequation=\count275
\dspbrk@lvl=\count276
\tag@help=\toks18
\row@=\count277
\column@=\count278
\maxfields@=\count279
\andhelp@=\toks19
\eqnshift@=\dimen145
\alignsep@=\dimen146
\tagshift@=\dimen147
\tagwidth@=\dimen148
\totwidth@=\dimen149
\lineht@=\dimen150
\@envbody=\toks20
\multlinegap=\skip52
\multlinetaggap=\skip53
\mathdisplay@stack=\toks21
LaTeX Info: Redefining \[ on input line 2953.
LaTeX Info: Redefining \] on input line 2954.
) (c:/Users/samra/AppData/Roaming/TinyTeX/texmf-dist/tex/latex/amsfonts/amssymb.sty
Package: amssymb 2013/01/14 v3.01 AMS font symbols
(c:/Users/samra/AppData/Roaming/TinyTeX/texmf-dist/tex/latex/amsfonts/amsfonts.sty
Package: amsfonts 2013/01/14 v3.01 Basic AMSFonts support
\symAMSa=\mathgroup4
\symAMSb=\mathgroup5
LaTeX Font Info:    Redeclaring math symbol \hbar on input line 98.
LaTeX Font Info:    Overwriting math alphabet `\mathfrak' in version `bold'
(Font)                  U/euf/m/n --> U/euf/b/n on input line 106.
)) (c:/Users/samra/AppData/Roaming/TinyTeX/texmf-dist/tex/generic/iftex/iftex.sty
Package: iftex 2022/02/03 v1.0f TeX engine tests
) (c:/Users/samra/AppData/Roaming/TinyTeX/texmf-dist/tex/latex/base/fontenc.sty
Package: fontenc 2021/04/29 v2.0v Standard LaTeX package
) (c:/Users/samra/AppData/Roaming/TinyTeX/texmf-dist/tex/latex/base/inputenc.sty
Package: inputenc 2024/02/08 v1.3d Input encoding file
\inpenc@prehook=\toks22
\inpenc@posthook=\toks23
) (c:/Users/samra/AppData/Roaming/TinyTeX/texmf-dist/tex/latex/base/textcomp.sty
Package: textcomp 2024/04/24 v2.1b Standard LaTeX package
) (c:/Users/samra/AppData/Roaming/TinyTeX/texmf-dist/tex/latex/lm/lmodern.sty
Package: lmodern 2015/05/01 v1.6.1 Latin Modern Fonts
LaTeX Font Info:    Overwriting symbol font `operators' in version `normal'
(Font)                  OT1/cmr/m/n --> OT1/lmr/m/n on input line 22.
LaTeX Font Info:    Overwriting symbol font `letters' in version `normal'
(Font)                  OML/cmm/m/it --> OML/lmm/m/it on input line 23.
LaTeX Font Info:    Overwriting symbol font `symbols' in version `normal'
(Font)                  OMS/cmsy/m/n --> OMS/lmsy/m/n on input line 24.
LaTeX Font Info:    Overwriting symbol font `largesymbols' in version `normal'
(Font)                  OMX/cmex/m/n --> OMX/lmex/m/n on input line 25.
LaTeX Font Info:    Overwriting symbol font `operators' in version `bold'
(Font)                  OT1/cmr/bx/n --> OT1/lmr/bx/n on input line 26.
LaTeX Font Info:    Overwriting symbol font `letters' in version `bold'
(Font)                  OML/cmm/b/it --> OML/lmm/b/it on input line 27.
LaTeX Font Info:    Overwriting symbol font `symbols' in version `bold'
(Font)                  OMS/cmsy/b/n --> OMS/lmsy/b/n on input line 28.
LaTeX Font Info:    Overwriting symbol font `largesymbols' in version `bold'
(Font)                  OMX/cmex/m/n --> OMX/lmex/m/n on input line 29.
LaTeX Font Info:    Overwriting math alphabet `\mathbf' in version `normal'
(Font)                  OT1/cmr/bx/n --> OT1/lmr/bx/n on input line 31.
LaTeX Font Info:    Overwriting math alphabet `\mathsf' in version `normal'
(Font)                  OT1/cmss/m/n --> OT1/lmss/m/n on input line 32.
LaTeX Font Info:    Overwriting math alphabet `\mathit' in version `normal'
(Font)                  OT1/cmr/m/it --> OT1/lmr/m/it on input line 33.
LaTeX Font Info:    Overwriting math alphabet `\mathtt' in version `normal'
(Font)                  OT1/cmtt/m/n --> OT1/lmtt/m/n on input line 34.
LaTeX Font Info:    Overwriting math alphabet `\mathbf' in version `bold'
(Font)                  OT1/cmr/bx/n --> OT1/lmr/bx/n on input line 35.
LaTeX Font Info:    Overwriting math alphabet `\mathsf' in version `bold'
(Font)                  OT1/cmss/bx/n --> OT1/lmss/bx/n on input line 36.
LaTeX Font Info:    Overwriting math alphabet `\mathit' in version `bold'
(Font)                  OT1/cmr/bx/it --> OT1/lmr/bx/it on input line 37.
LaTeX Font Info:    Overwriting math alphabet `\mathtt' in version `bold'
(Font)                  OT1/cmtt/m/n --> OT1/lmtt/m/n on input line 38.
) (c:/Users/samra/AppData/Roaming/TinyTeX/texmf-dist/tex/latex/xcolor/xcolor.sty
Package: xcolor 2023/11/15 v3.01 LaTeX color extensions (UK)
(c:/Users/samra/AppData/Roaming/TinyTeX/texmf-dist/tex/latex/graphics-cfg/color.cfg
File: color.cfg 2016/01/02 v1.6 sample color configuration
)
Package xcolor Info: Driver file: pdftex.def on input line 274.
(c:/Users/samra/AppData/Roaming/TinyTeX/texmf-dist/tex/latex/graphics-def/pdftex.def
File: pdftex.def 2024/04/13 v1.2c Graphics/color driver for pdftex
) (c:/Users/samra/AppData/Roaming/TinyTeX/texmf-dist/tex/latex/graphics/mathcolor.ltx)
Package xcolor Info: Model `cmy' substituted by `cmy0' on input line 1350.
Package xcolor Info: Model `hsb' substituted by `rgb' on input line 1354.
Package xcolor Info: Model `RGB' extended on input line 1366.
Package xcolor Info: Model `HTML' substituted by `rgb' on input line 1368.
Package xcolor Info: Model `Hsb' substituted by `hsb' on input line 1369.
Package xcolor Info: Model `tHsb' substituted by `hsb' on input line 1370.
Package xcolor Info: Model `HSB' substituted by `hsb' on input line 1371.
Package xcolor Info: Model `Gray' substituted by `gray' on input line 1372.
Package xcolor Info: Model `wave' substituted by `hsb' on input line 1373.
) (c:/Users/samra/AppData/Roaming/TinyTeX/texmf-dist/tex/latex/geometry/geometry.sty
Package: geometry 2020/01/02 v5.9 Page Geometry
(c:/Users/samra/AppData/Roaming/TinyTeX/texmf-dist/tex/latex/graphics/keyval.sty
Package: keyval 2022/05/29 v1.15 key=value parser (DPC)
\KV@toks@=\toks24
) (c:/Users/samra/AppData/Roaming/TinyTeX/texmf-dist/tex/generic/iftex/ifvtex.sty
Package: ifvtex 2019/10/25 v1.7 ifvtex legacy package. Use iftex instead.
)
\Gm@cnth=\count280
\Gm@cntv=\count281
\c@Gm@tempcnt=\count282
\Gm@bindingoffset=\dimen151
\Gm@wd@mp=\dimen152
\Gm@odd@mp=\dimen153
\Gm@even@mp=\dimen154
\Gm@layoutwidth=\dimen155
\Gm@layoutheight=\dimen156
\Gm@layouthoffset=\dimen157
\Gm@layoutvoffset=\dimen158
\Gm@dimlist=\toks25
) (c:/Users/samra/AppData/Roaming/TinyTeX/texmf-dist/tex/latex/graphics/graphicx.sty
Package: graphicx 2021/09/16 v1.2d Enhanced LaTeX Graphics (DPC,SPQR)
(c:/Users/samra/AppData/Roaming/TinyTeX/texmf-dist/tex/latex/graphics/graphics.sty
Package: graphics 2024/05/23 v1.4g Standard LaTeX Graphics (DPC,SPQR)
(c:/Users/samra/AppData/Roaming/TinyTeX/texmf-dist/tex/latex/graphics/trig.sty
Package: trig 2023/12/02 v1.11 sin cos tan (DPC)
) (c:/Users/samra/AppData/Roaming/TinyTeX/texmf-dist/tex/latex/graphics-cfg/graphics.cfg
File: graphics.cfg 2016/06/04 v1.11 sample graphics configuration
)
Package graphics Info: Driver file: pdftex.def on input line 106.
)
\Gin@req@height=\dimen159
\Gin@req@width=\dimen160
) (c:/Users/samra/AppData/Roaming/TinyTeX/texmf-dist/tex/latex/booktabs/booktabs.sty
Package: booktabs 2020/01/12 v1.61803398 Publication quality tables
\heavyrulewidth=\dimen161
\lightrulewidth=\dimen162
\cmidrulewidth=\dimen163
\belowrulesep=\dimen164
\belowbottomsep=\dimen165
\aboverulesep=\dimen166
\abovetopsep=\dimen167
\cmidrulesep=\dimen168
\cmidrulekern=\dimen169
\defaultaddspace=\dimen170
\@cmidla=\count283
\@cmidlb=\count284
\@aboverulesep=\dimen171
\@belowrulesep=\dimen172
\@thisruleclass=\count285
\@lastruleclass=\count286
\@thisrulewidth=\dimen173
) (c:/Users/samra/AppData/Roaming/TinyTeX/texmf-dist/tex/latex/floatrow/floatrow.sty
Package: floatrow 2008/08/02 v0.3b floatrow: float package extension
(c:/Users/samra/AppData/Roaming/TinyTeX/texmf-dist/tex/latex/caption/caption3.sty
Package: caption3 2023/07/31 v2.4d caption3 kernel (AR)
\caption@tempdima=\dimen174
\captionmargin=\dimen175
\caption@leftmargin=\dimen176
\caption@rightmargin=\dimen177
\caption@width=\dimen178
\caption@indent=\dimen179
\caption@parindent=\dimen180
\caption@hangindent=\dimen181
Package caption Info: Standard document class detected.
)
\c@float@type=\count287
\float@exts=\toks26
\float@box=\box54
\@floatcapt=\box55
Package floatrow Info: Modified float package code loaded on input line 455.
Package floatrow Info: Modified rotfloat package code loaded on input line 473.
\FR@everyfloat=\toks27
\flrow@foot=\insert252
\FB@wd=\dimen182
\FBo@wd=\dimen183
\FBc@wd=\dimen184
\FBo@ht=\skip54
\FBc@ht=\skip55
\FBf@ht=\skip56
\FBo@max=\skip57
\FBc@max=\skip58
\FBf@max=\skip59
\c@FBl@b=\count288
\floatbox@depth=\count289
\c@FRobj=\count290
\c@FRsobj=\count291
\Xhsize=\skip60
\sXhsize=\skip61
\Zhsize=\skip62
\sZhsize=\skip63
\flrow@rowbox=\box56
\FR@Zunitlength=\dimen185
\c@FBcnt=\count292
\FPOScnt=\count293
\LTleft=\skip64
\LTright=\skip65
\LTleft=\skip66
\LTright=\skip67
\flrow@types=\toks28
) (c:/Users/samra/AppData/Roaming/TinyTeX/texmf-dist/tex/latex/carlito/carlito.sty
Package: carlito 2022/10/05 (Bob Tennent) Supports Carlito fonts for LaTeX, pdfLaTeX, luaLaTeX and xeLaTeX.
(c:/Users/samra/AppData/Roaming/TinyTeX/texmf-dist/tex/generic/iftex/ifxetex.sty
Package: ifxetex 2019/10/25 v0.7 ifxetex legacy package. Use iftex instead.
) (c:/Users/samra/AppData/Roaming/TinyTeX/texmf-dist/tex/generic/iftex/ifluatex.sty
Package: ifluatex 2019/10/25 v1.5 ifluatex legacy package. Use iftex instead.
) (c:/Users/samra/AppData/Roaming/TinyTeX/texmf-dist/tex/latex/xkeyval/xkeyval.sty
Package: xkeyval 2022/06/16 v2.9 package option processing (HA)
(c:/Users/samra/AppData/Roaming/TinyTeX/texmf-dist/tex/generic/xkeyval/xkeyval.tex (c:/Users/samra/AppData/Roaming/TinyTeX/texmf-dist/tex/generic/xkeyval/xkvutils.tex
\XKV@toks=\toks29
\XKV@tempa@toks=\toks30
)
\XKV@depth=\count294
File: xkeyval.tex 2014/12/03 v2.7a key=value parser (HA)
)) (c:/Users/samra/AppData/Roaming/TinyTeX/texmf-dist/tex/latex/base/fontenc.sty
Package: fontenc 2021/04/29 v2.0v Standard LaTeX package
LaTeX Font Info:    Trying to load font information for T1+lmr on input line 116.
(c:/Users/samra/AppData/Roaming/TinyTeX/texmf-dist/tex/latex/lm/t1lmr.fd
File: t1lmr.fd 2015/05/01 v1.6.1 Font defs for Latin Modern
)) (c:/Users/samra/AppData/Roaming/TinyTeX/texmf-dist/tex/latex/fontaxes/fontaxes.sty
Package: fontaxes 2020/07/21 v1.0e Font selection axes
LaTeX Info: Redefining \upshape on input line 29.
LaTeX Info: Redefining \itshape on input line 31.
LaTeX Info: Redefining \slshape on input line 33.
LaTeX Info: Redefining \swshape on input line 35.
LaTeX Info: Redefining \scshape on input line 37.
LaTeX Info: Redefining \sscshape on input line 39.
LaTeX Info: Redefining \ulcshape on input line 41.
LaTeX Info: Redefining \textsw on input line 47.
LaTeX Info: Redefining \textssc on input line 48.
LaTeX Info: Redefining \textulc on input line 49.
)) (c:/Users/samra/AppData/Roaming/TinyTeX/texmf-dist/tex/latex/setspace/setspace.sty
Package: setspace 2022/12/04 v6.7b set line spacing
) (c:/Users/samra/AppData/Roaming/TinyTeX/texmf-dist/tex/latex/fancyhdr/fancyhdr.sty
Package: fancyhdr 2024/07/23 v4.3.1 Extensive control of page headers and footers
\f@nch@headwidth=\skip68
\f@nch@O@elh=\skip69
\f@nch@O@erh=\skip70
\f@nch@O@olh=\skip71
\f@nch@O@orh=\skip72
\f@nch@O@elf=\skip73
\f@nch@O@erf=\skip74
\f@nch@O@olf=\skip75
\f@nch@O@orf=\skip76
) (c:/Users/samra/AppData/Roaming/TinyTeX/texmf-dist/tex/latex/pdflscape/pdflscape.sty
Package: pdflscape 2022-10-27 v0.13 Display of landscape pages in PDF
(c:/Users/samra/AppData/Roaming/TinyTeX/texmf-dist/tex/latex/pdflscape/pdflscape-nometadata.sty
Package: pdflscape-nometadata 2022-10-28 v0.13 Display of landscape pages in PDF (HO)
(c:/Users/samra/AppData/Roaming/TinyTeX/texmf-dist/tex/latex/graphics/lscape.sty
Package: lscape 2020/05/28 v3.02 Landscape Pages (DPC)
)
Package pdflscape Info: Auto-detected driver: pdftex on input line 81.
)) (c:/Users/samra/AppData/Roaming/TinyTeX/texmf-dist/tex/latex/multirow/multirow.sty
Package: multirow 2021/03/15 v2.8 Span multiple rows of a table
\multirow@colwidth=\skip77
\multirow@cntb=\count295
\multirow@dima=\skip78
\bigstrutjot=\dimen186
) (c:/Users/samra/AppData/Roaming/TinyTeX/texmf-dist/tex/latex/tools/multicol.sty
Package: multicol 2024/05/23 v1.9h multicolumn formatting (FMi)
\c@tracingmulticols=\count296
\mult@box=\box57
\multicol@leftmargin=\dimen187
\c@unbalance=\count297
\c@collectmore=\count298
\doublecol@number=\count299
\multicoltolerance=\count300
\multicolpretolerance=\count301
\full@width=\dimen188
\page@free=\dimen189
\premulticols=\dimen190
\postmulticols=\dimen191
\multicolsep=\skip79
\multicolbaselineskip=\skip80
\partial@page=\box58
\last@line=\box59
\mc@boxedresult=\box60
\maxbalancingoverflow=\dimen192
\mult@rightbox=\box61
\mult@grightbox=\box62
\mult@firstbox=\box63
\mult@gfirstbox=\box64
\@tempa=\box65
\@tempa=\box66
\@tempa=\box67
\@tempa=\box68
\@tempa=\box69
\@tempa=\box70
\@tempa=\box71
\@tempa=\box72
\@tempa=\box73
\@tempa=\box74
\@tempa=\box75
\@tempa=\box76
\@tempa=\box77
\@tempa=\box78
\@tempa=\box79
\@tempa=\box80
\@tempa=\box81
\@tempa=\box82
\@tempa=\box83
\@tempa=\box84
\@tempa=\box85
\@tempa=\box86
\@tempa=\box87
\@tempa=\box88
\@tempa=\box89
\@tempa=\box90
\@tempa=\box91
\@tempa=\box92
\@tempa=\box93
\@tempa=\box94
\@tempa=\box95
\@tempa=\box96
\@tempa=\box97
\@tempa=\box98
\@tempa=\box99
\@tempa=\box100
\c@minrows=\count302
\c@columnbadness=\count303
\c@finalcolumnbadness=\count304
\last@try=\dimen193
\multicolovershoot=\dimen194
\multicolundershoot=\dimen195
\mult@nat@firstbox=\box101
\colbreak@box=\box102
\mc@col@check@num=\count305
) (c:/Users/samra/AppData/Roaming/TinyTeX/texmf-dist/tex/latex/colortbl/colortbl.sty
Package: colortbl 2024/07/06 v1.0i Color table columns (DPC)
(c:/Users/samra/AppData/Roaming/TinyTeX/texmf-dist/tex/latex/tools/array.sty
Package: array 2024/06/14 v2.6d Tabular extension package (FMi)
\col@sep=\dimen196
\ar@mcellbox=\box103
\extrarowheight=\dimen197
\NC@list=\toks31
\extratabsurround=\skip81
\backup@length=\skip82
\ar@cellbox=\box104
)
\everycr=\toks32
\minrowclearance=\skip83
\rownum=\count306
) (c:/Users/samra/AppData/Roaming/TinyTeX/texmf-dist/tex/latex/tools/hhline.sty
Package: hhline 2020/01/04 v2.04 Table rule package (DPC)
)
\Oldarrayrulewidth=\skip84
\Oldtabcolsep=\skip85
(c:/Users/samra/AppData/Roaming/TinyTeX/texmf-dist/tex/latex/tools/longtable.sty
Package: longtable 2024-04-26 v4.20 Multi-page Table package (DPC)
\LTleft=\skip86
\LTright=\skip87
\LTpre=\skip88
\LTpost=\skip89
\LTchunksize=\count307
\LTcapwidth=\dimen198
\LT@head=\box105
\LT@firsthead=\box106
\LT@foot=\box107
\LT@lastfoot=\box108
\LT@gbox=\box109
\LT@cols=\count308
\LT@rows=\count309
\c@LT@tables=\count310
\c@LT@chunks=\count311
\LT@p@ftn=\toks33
) (c:/Users/samra/AppData/Roaming/TinyTeX/texmf-dist/tex/latex/hyperref/hyperref.sty
Package: hyperref 2024-07-10 v7.01j Hypertext links for LaTeX
(c:/Users/samra/AppData/Roaming/TinyTeX/texmf-dist/tex/latex/kvsetkeys/kvsetkeys.sty
Package: kvsetkeys 2022-10-05 v1.19 Key value parser (HO)
) (c:/Users/samra/AppData/Roaming/TinyTeX/texmf-dist/tex/generic/kvdefinekeys/kvdefinekeys.sty
Package: kvdefinekeys 2019-12-19 v1.6 Define keys (HO)
) (c:/Users/samra/AppData/Roaming/TinyTeX/texmf-dist/tex/generic/pdfescape/pdfescape.sty
Package: pdfescape 2019/12/09 v1.15 Implements pdfTeX's escape features (HO)
(c:/Users/samra/AppData/Roaming/TinyTeX/texmf-dist/tex/generic/ltxcmds/ltxcmds.sty
Package: ltxcmds 2023-12-04 v1.26 LaTeX kernel commands for general use (HO)
) (c:/Users/samra/AppData/Roaming/TinyTeX/texmf-dist/tex/generic/pdftexcmds/pdftexcmds.sty
Package: pdftexcmds 2020-06-27 v0.33 Utility functions of pdfTeX for LuaTeX (HO)
(c:/Users/samra/AppData/Roaming/TinyTeX/texmf-dist/tex/generic/infwarerr/infwarerr.sty
Package: infwarerr 2019/12/03 v1.5 Providing info/warning/error messages (HO)
)
Package pdftexcmds Info: \pdf@primitive is available.
Package pdftexcmds Info: \pdf@ifprimitive is available.
Package pdftexcmds Info: \pdfdraftmode found.
)) (c:/Users/samra/AppData/Roaming/TinyTeX/texmf-dist/tex/latex/hycolor/hycolor.sty
Package: hycolor 2020-01-27 v1.10 Color options for hyperref/bookmark (HO)
) (c:/Users/samra/AppData/Roaming/TinyTeX/texmf-dist/tex/latex/hyperref/nameref.sty
Package: nameref 2023-11-26 v2.56 Cross-referencing by name of section
(c:/Users/samra/AppData/Roaming/TinyTeX/texmf-dist/tex/latex/refcount/refcount.sty
Package: refcount 2019/12/15 v3.6 Data extraction from label references (HO)
) (c:/Users/samra/AppData/Roaming/TinyTeX/texmf-dist/tex/generic/gettitlestring/gettitlestring.sty
Package: gettitlestring 2019/12/15 v1.6 Cleanup title references (HO)
(c:/Users/samra/AppData/Roaming/TinyTeX/texmf-dist/tex/latex/kvoptions/kvoptions.sty
Package: kvoptions 2022-06-15 v3.15 Key value format for package options (HO)
))
\c@section@level=\count312
) (c:/Users/samra/AppData/Roaming/TinyTeX/texmf-dist/tex/latex/etoolbox/etoolbox.sty
Package: etoolbox 2020/10/05 v2.5k e-TeX tools for LaTeX (JAW)
\etb@tempcnta=\count313
) (c:/Users/samra/AppData/Roaming/TinyTeX/texmf-dist/tex/generic/stringenc/stringenc.sty
Package: stringenc 2019/11/29 v1.12 Convert strings between diff. encodings (HO)
)
\@linkdim=\dimen199
\Hy@linkcounter=\count314
\Hy@pagecounter=\count315
(c:/Users/samra/AppData/Roaming/TinyTeX/texmf-dist/tex/latex/hyperref/pd1enc.def
File: pd1enc.def 2024-07-10 v7.01j Hyperref: PDFDocEncoding definition (HO)
Now handling font encoding PD1 ...
... no UTF-8 mapping file for font encoding PD1
) (c:/Users/samra/AppData/Roaming/TinyTeX/texmf-dist/tex/generic/intcalc/intcalc.sty
Package: intcalc 2019/12/15 v1.3 Expandable calculations with integers (HO)
)
\Hy@SavedSpaceFactor=\count316
(c:/Users/samra/AppData/Roaming/TinyTeX/texmf-dist/tex/latex/hyperref/puenc.def
File: puenc.def 2024-07-10 v7.01j Hyperref: PDF Unicode definition (HO)
Now handling font encoding PU ...
... no UTF-8 mapping file for font encoding PU
)
Package hyperref Info: Option `unicode' set `true' on input line 4040.
Package hyperref Info: Hyper figures OFF on input line 4157.
Package hyperref Info: Link nesting OFF on input line 4162.
Package hyperref Info: Hyper index ON on input line 4165.
Package hyperref Info: Plain pages OFF on input line 4172.
Package hyperref Info: Backreferencing OFF on input line 4177.
Package hyperref Info: Implicit mode ON; LaTeX internals redefined.
Package hyperref Info: Bookmarks ON on input line 4424.
\c@Hy@tempcnt=\count317
(c:/Users/samra/AppData/Roaming/TinyTeX/texmf-dist/tex/latex/url/url.sty
\Urlmuskip=\muskip18
Package: url 2013/09/16  ver 3.4  Verb mode for urls, etc.
)
LaTeX Info: Redefining \url on input line 4763.
\XeTeXLinkMargin=\dimen256
(c:/Users/samra/AppData/Roaming/TinyTeX/texmf-dist/tex/generic/bitset/bitset.sty
Package: bitset 2019/12/09 v1.3 Handle bit-vector datatype (HO)
(c:/Users/samra/AppData/Roaming/TinyTeX/texmf-dist/tex/generic/bigintcalc/bigintcalc.sty
Package: bigintcalc 2019/12/15 v1.5 Expandable calculations on big integers (HO)
))
\Fld@menulength=\count318
\Field@Width=\dimen257
\Fld@charsize=\dimen258
Package hyperref Info: Hyper figures OFF on input line 6042.
Package hyperref Info: Link nesting OFF on input line 6047.
Package hyperref Info: Hyper index ON on input line 6050.
Package hyperref Info: backreferencing OFF on input line 6057.
Package hyperref Info: Link coloring OFF on input line 6062.
Package hyperref Info: Link coloring with OCG OFF on input line 6067.
Package hyperref Info: PDF/A mode OFF on input line 6072.
(c:/Users/samra/AppData/Roaming/TinyTeX/texmf-dist/tex/latex/base/atbegshi-ltx.sty
Package: atbegshi-ltx 2021/01/10 v1.0c Emulation of the original atbegshi
package with kernel methods
)
\Hy@abspage=\count319
\c@Item=\count320
\c@Hfootnote=\count321
)
Package hyperref Info: Driver (autodetected): hpdftex.
(c:/Users/samra/AppData/Roaming/TinyTeX/texmf-dist/tex/latex/hyperref/hpdftex.def
File: hpdftex.def 2024-07-10 v7.01j Hyperref driver for pdfTeX
(c:/Users/samra/AppData/Roaming/TinyTeX/texmf-dist/tex/latex/base/atveryend-ltx.sty
Package: atveryend-ltx 2020/08/19 v1.0a Emulation of the original atveryend package
with kernel methods
)
\Fld@listcount=\count322
\c@bookmark@seq@number=\count323
(c:/Users/samra/AppData/Roaming/TinyTeX/texmf-dist/tex/latex/rerunfilecheck/rerunfilecheck.sty
Package: rerunfilecheck 2022-07-10 v1.10 Rerun checks for auxiliary files (HO)
(c:/Users/samra/AppData/Roaming/TinyTeX/texmf-dist/tex/generic/uniquecounter/uniquecounter.sty
Package: uniquecounter 2019/12/15 v1.4 Provide unlimited unique counter (HO)
)
Package uniquecounter Info: New unique counter `rerunfilecheck' on input line 285.
)
\Hy@SectionHShift=\skip90
) (c:/Users/samra/AppData/Roaming/TinyTeX/texmf-dist/tex/latex/wrapfig/wrapfig.sty
\wrapoverhang=\dimen259
\WF@size=\dimen260
\c@WF@wrappedlines=\count324
\WF@box=\box110
\WF@everypar=\toks34
Package: wrapfig 2003/01/31  v 3.6
) (c:/Users/samra/AppData/Roaming/TinyTeX/texmf-dist/tex/latex/bookmark/bookmark.sty
Package: bookmark 2023-12-10 v1.31 PDF bookmarks (HO)
(c:/Users/samra/AppData/Roaming/TinyTeX/texmf-dist/tex/latex/bookmark/bkm-pdftex.def
File: bkm-pdftex.def 2023-12-10 v1.31 bookmark driver for pdfTeX and luaTeX (HO)
\BKM@id=\count325
))
LaTeX Font Info:    Trying to load font information for T1+Crlt-LF on input line 95.
(c:/Users/samra/AppData/Roaming/TinyTeX/texmf-dist/tex/latex/carlito/T1Crlt-LF.fd
File: T1Crlt-LF.fd 2022/10/05 (autoinst) Font definitions for T1/Crlt-LF.
) (c:/Users/samra/AppData/Roaming/TinyTeX/texmf-dist/tex/latex/l3backend/l3backend-pdftex.def
File: l3backend-pdftex.def 2024-05-08 L3 backend support: PDF output (pdfTeX)
\l__color_backend_stack_int=\count326
\l__pdf_internal_box=\box111
) (./file2ba8fe86ba1.aux)
\openout1 = `file2ba8fe86ba1.aux'.

LaTeX Font Info:    Checking defaults for OML/cmm/m/it on input line 95.
LaTeX Font Info:    ... okay on input line 95.
LaTeX Font Info:    Checking defaults for OMS/cmsy/m/n on input line 95.
LaTeX Font Info:    ... okay on input line 95.
LaTeX Font Info:    Checking defaults for OT1/cmr/m/n on input line 95.
LaTeX Font Info:    ... okay on input line 95.
LaTeX Font Info:    Checking defaults for T1/cmr/m/n on input line 95.
LaTeX Font Info:    ... okay on input line 95.
LaTeX Font Info:    Checking defaults for TS1/cmr/m/n on input line 95.
LaTeX Font Info:    ... okay on input line 95.
LaTeX Font Info:    Checking defaults for OMX/cmex/m/n on input line 95.
LaTeX Font Info:    ... okay on input line 95.
LaTeX Font Info:    Checking defaults for U/cmr/m/n on input line 95.
LaTeX Font Info:    ... okay on input line 95.
LaTeX Font Info:    Checking defaults for PD1/pdf/m/n on input line 95.
LaTeX Font Info:    ... okay on input line 95.
LaTeX Font Info:    Checking defaults for PU/pdf/m/n on input line 95.
LaTeX Font Info:    ... okay on input line 95.
(c:/Users/samra/AppData/Roaming/TinyTeX/texmf-dist/tex/latex/epstopdf-pkg/epstopdf-base.sty
Package: epstopdf-base 2020-01-24 v2.11 Base part for package epstopdf
Package epstopdf-base Info: Redefining graphics rule for `.eps' on input line 485.
(c:/Users/samra/AppData/Roaming/TinyTeX/texmf-dist/tex/latex/latexconfig/epstopdf-sys.cfg
File: epstopdf-sys.cfg 2010/07/13 v1.3 Configuration of (r)epstopdf for TeX Live
))
*geometry* driver: auto-detecting
*geometry* detected driver: pdftex
*geometry* verbose mode - [ preamble ] result:
* driver: pdftex
* paper: <default>
* layout: <same size as paper>
* layoutoffset:(h,v)=(0.0pt,0.0pt)
* modes: 
* h-part:(L,W,R)=(56.9055pt, 500.484pt, 56.9055pt)
* v-part:(T,H,B)=(56.9055pt, 681.15898pt, 56.9055pt)
* \paperwidth=614.295pt
* \paperheight=794.96999pt
* \textwidth=500.484pt
* \textheight=681.15898pt
* \oddsidemargin=-15.36449pt
* \evensidemargin=-15.36449pt
* \topmargin=-52.36449pt
* \headheight=12.0pt
* \headsep=25.0pt
* \topskip=11.0pt
* \footskip=30.0pt
* \marginparwidth=59.0pt
* \marginparsep=10.0pt
* \columnsep=10.0pt
* \skip\footins=10.0pt plus 4.0pt minus 2.0pt
* \hoffset=0.0pt
* \voffset=0.0pt
* \mag=1000
* \@twocolumnfalse
* \@twosidefalse
* \@mparswitchfalse
* \@reversemarginfalse
* (1in=72.27pt=25.4mm, 1cm=28.453pt)

Package caption Info: Begin \AtBeginDocument code.
Package caption Info: End \AtBeginDocument code.
(c:/Users/samra/AppData/Roaming/TinyTeX/texmf-dist/tex/latex/floatrow/fr-longtable.sty
Package: fr-longtable 2007/11/28 v0.1b (beta) floatrow: additions for longtable
\flrow@LT@lasthead=\box112
\flrow@LT@prelastfoot=\box113
\c@FBLTpage=\count327
)
\c@mv@tabular=\count328
\c@mv@boldtabular=\count329
Package hyperref Info: Link coloring OFF on input line 95.
LaTeX Font Info:    Trying to load font information for OT1+lmr on input line 97.
(c:/Users/samra/AppData/Roaming/TinyTeX/texmf-dist/tex/latex/lm/ot1lmr.fd
File: ot1lmr.fd 2015/05/01 v1.6.1 Font defs for Latin Modern
)
LaTeX Font Info:    Trying to load font information for OML+lmm on input line 97.
(c:/Users/samra/AppData/Roaming/TinyTeX/texmf-dist/tex/latex/lm/omllmm.fd
File: omllmm.fd 2015/05/01 v1.6.1 Font defs for Latin Modern
)
LaTeX Font Info:    Trying to load font information for OMS+lmsy on input line 97.
(c:/Users/samra/AppData/Roaming/TinyTeX/texmf-dist/tex/latex/lm/omslmsy.fd
File: omslmsy.fd 2015/05/01 v1.6.1 Font defs for Latin Modern
)
LaTeX Font Info:    Trying to load font information for OMX+lmex on input line 97.
(c:/Users/samra/AppData/Roaming/TinyTeX/texmf-dist/tex/latex/lm/omxlmex.fd
File: omxlmex.fd 2015/05/01 v1.6.1 Font defs for Latin Modern
)
LaTeX Font Info:    External font `lmex10' loaded for size
(Font)              <12> on input line 97.
LaTeX Font Info:    External font `lmex10' loaded for size
(Font)              <8> on input line 97.
LaTeX Font Info:    External font `lmex10' loaded for size
(Font)              <6> on input line 97.
LaTeX Font Info:    Trying to load font information for U+msa on input line 97.
(c:/Users/samra/AppData/Roaming/TinyTeX/texmf-dist/tex/latex/amsfonts/umsa.fd
File: umsa.fd 2013/01/14 v3.01 AMS symbols A
)
LaTeX Font Info:    Trying to load font information for U+msb on input line 97.
(c:/Users/samra/AppData/Roaming/TinyTeX/texmf-dist/tex/latex/amsfonts/umsb.fd
File: umsb.fd 2013/01/14 v3.01 AMS symbols B
)
<C:/Users/samra/AppData/Local/Temp/Rtmp6X0Ogv/file2ba8fe86ba1_files/figure-latex/treemap-1.pdf, id=4, 469.755pt x 223.83624pt>
File: C:/Users/samra/AppData/Local/Temp/Rtmp6X0Ogv/file2ba8fe86ba1_files/figure-latex/treemap-1.pdf Graphic file (type pdf)
<use C:/Users/samra/AppData/Local/Temp/Rtmp6X0Ogv/file2ba8fe86ba1_files/figure-latex/treemap-1.pdf>
Package pdftex.def Info: C:/Users/samra/AppData/Local/Temp/Rtmp6X0Ogv/file2ba8fe86ba1_files/figure-latex/treemap-1.pdf  used on input line 122.
(pdftex.def)             Requested size: 469.75386pt x 223.8357pt.
<C:/Users/samra/AppData/Local/Temp/Rtmp6X0Ogv/file2ba8fe86ba1_files/figure-latex/treemap_comp-1.pdf, id=5, 469.755pt x 223.83624pt>
File: C:/Users/samra/AppData/Local/Temp/Rtmp6X0Ogv/file2ba8fe86ba1_files/figure-latex/treemap_comp-1.pdf Graphic file (type pdf)
<use C:/Users/samra/AppData/Local/Temp/Rtmp6X0Ogv/file2ba8fe86ba1_files/figure-latex/treemap_comp-1.pdf>
Package pdftex.def Info: C:/Users/samra/AppData/Local/Temp/Rtmp6X0Ogv/file2ba8fe86ba1_files/figure-latex/treemap_comp-1.pdf  used on input line 128.
(pdftex.def)             Requested size: 469.75386pt x 223.8357pt.
<C:/Users/samra/AppData/Local/Temp/Rtmp6X0Ogv/file2ba8fe86ba1_files/figure-latex/treemap_leg-1.pdf, id=6, 469.755pt x 28.105pt>
File: C:/Users/samra/AppData/Local/Temp/Rtmp6X0Ogv/file2ba8fe86ba1_files/figure-latex/treemap_leg-1.pdf Graphic file (type pdf)
<use C:/Users/samra/AppData/Local/Temp/Rtmp6X0Ogv/file2ba8fe86ba1_files/figure-latex/treemap_leg-1.pdf>
Package pdftex.def Info: C:/Users/samra/AppData/Local/Temp/Rtmp6X0Ogv/file2ba8fe86ba1_files/figure-latex/treemap_leg-1.pdf  used on input line 130.
(pdftex.def)             Requested size: 469.75386pt x 28.10492pt.


LaTeX Font Info:    Font shape `T1/Crlt-LF/m/sl' in size <10.95> not available
(Font)              Font shape `T1/Crlt-LF/m/it' tried instead on input line 132.
<WHO_logo.jpg, id=7, 589.2414pt x 185.7339pt>
File: WHO_logo.jpg Graphic file (type jpg)
<use WHO_logo.jpg>
Package pdftex.def Info: WHO_logo.jpg  used on input line 132.
(pdftex.def)             Requested size: 108.31563pt x 34.142pt.

Package fancyhdr Warning: \headheight is too small (31.91684pt): 
(fancyhdr)                Make it at least 38.22203pt, for example:
(fancyhdr)                \setlength{\headheight}{38.22203pt}.
(fancyhdr)                You might also make \topmargin smaller to compensate:
(fancyhdr)                \addtolength{\topmargin}{-6.30519pt}.

[1

{c:/Users/samra/AppData/Roaming/TinyTeX/texmf-var/fonts/map/pdftex/updmap/pdftex.map}{c:/Users/samra/AppData/Roaming/TinyTeX/texmf-dist/fonts/enc/dvips/carlito/crlt_ys3vdn.enc}{c:/Users/samra/AppData/Roaming/TinyTeX/texmf-dist/fonts/enc/dvips/lm/lm-ec.enc} <./WHO_logo.jpg> <c:/Users/samra/AppData/Local/Temp/Rtmp6X0Ogv/file2ba8fe86ba1_files/figure-latex/treemap-1.pdf> <c:/Users/samra/AppData/Local/Temp/Rtmp6X0Ogv/file2ba8fe86ba1_files/figure-latex/treemap_comp-1.pdf> <c:/Users/samra/AppData/Local/Temp/Rtmp6X0Ogv/file2ba8fe86ba1_files/figure-latex/treemap_leg-1.pdf>]
Overfull \hbox (7.96387pt too wide) in paragraph at lines 424--424
[]|[]\T1/Crlt-LF/m/n/11 UHC/HEP[]|  
 []

<C:/Users/samra/AppData/Local/Temp/Rtmp6X0Ogv/file2ba8fe86ba1_files/figure-latex/donut_uhc_tracer-1.pdf, id=25, 505.89pt x 578.16pt>
File: C:/Users/samra/AppData/Local/Temp/Rtmp6X0Ogv/file2ba8fe86ba1_files/figure-latex/donut_uhc_tracer-1.pdf Graphic file (type pdf)
<use C:/Users/samra/AppData/Local/Temp/Rtmp6X0Ogv/file2ba8fe86ba1_files/figure-latex/donut_uhc_tracer-1.pdf>
Package pdftex.def Info: C:/Users/samra/AppData/Local/Temp/Rtmp6X0Ogv/file2ba8fe86ba1_files/figure-latex/donut_uhc_tracer-1.pdf  used on input line 462.
(pdftex.def)             Requested size: 500.49298pt x 571.992pt.


[2]
<C:/Users/samra/AppData/Local/Temp/Rtmp6X0Ogv/file2ba8fe86ba1_files/figure-latex/arrow_deaths-1.pdf, id=31, 505.89pt x 578.16pt>
File: C:/Users/samra/AppData/Local/Temp/Rtmp6X0Ogv/file2ba8fe86ba1_files/figure-latex/arrow_deaths-1.pdf Graphic file (type pdf)
<use C:/Users/samra/AppData/Local/Temp/Rtmp6X0Ogv/file2ba8fe86ba1_files/figure-latex/arrow_deaths-1.pdf>
Package pdftex.def Info: C:/Users/samra/AppData/Local/Temp/Rtmp6X0Ogv/file2ba8fe86ba1_files/figure-latex/arrow_deaths-1.pdf  used on input line 468.
(pdftex.def)             Requested size: 500.49298pt x 571.992pt.


[3 <c:/Users/samra/AppData/Local/Temp/Rtmp6X0Ogv/file2ba8fe86ba1_files/figure-latex/donut_uhc_tracer-1.pdf>]
<C:/Users/samra/AppData/Local/Temp/Rtmp6X0Ogv/file2ba8fe86ba1_files/figure-latex/heatmap_deaths-1.pdf, id=43, 578.16pt x 650.43pt>
File: C:/Users/samra/AppData/Local/Temp/Rtmp6X0Ogv/file2ba8fe86ba1_files/figure-latex/heatmap_deaths-1.pdf Graphic file (type pdf)
<use C:/Users/samra/AppData/Local/Temp/Rtmp6X0Ogv/file2ba8fe86ba1_files/figure-latex/heatmap_deaths-1.pdf>
Package pdftex.def Info: C:/Users/samra/AppData/Local/Temp/Rtmp6X0Ogv/file2ba8fe86ba1_files/figure-latex/heatmap_deaths-1.pdf  used on input line 475.
(pdftex.def)             Requested size: 500.48087pt x 563.04097pt.


[4 <c:/Users/samra/AppData/Local/Temp/Rtmp6X0Ogv/file2ba8fe86ba1_files/figure-latex/arrow_deaths-1.pdf>]
<C:/Users/samra/AppData/Local/Temp/Rtmp6X0Ogv/file2ba8fe86ba1_files/figure-latex/barchart_fraction-1.pdf, id=55, 469.755pt x 325.215pt>
File: C:/Users/samra/AppData/Local/Temp/Rtmp6X0Ogv/file2ba8fe86ba1_files/figure-latex/barchart_fraction-1.pdf Graphic file (type pdf)
<use C:/Users/samra/AppData/Local/Temp/Rtmp6X0Ogv/file2ba8fe86ba1_files/figure-latex/barchart_fraction-1.pdf>
Package pdftex.def Info: C:/Users/samra/AppData/Local/Temp/Rtmp6X0Ogv/file2ba8fe86ba1_files/figure-latex/barchart_fraction-1.pdf  used on input line 482.
(pdftex.def)             Requested size: 469.75386pt x 325.2142pt.


[5 <c:/Users/samra/AppData/Local/Temp/Rtmp6X0Ogv/file2ba8fe86ba1_files/figure-latex/heatmap_deaths-1.pdf>]
<C:/Users/samra/AppData/Local/Temp/Rtmp6X0Ogv/file2ba8fe86ba1_files/figure-latex/barchart_rate-1.pdf, id=67, 469.755pt x 325.215pt>
File: C:/Users/samra/AppData/Local/Temp/Rtmp6X0Ogv/file2ba8fe86ba1_files/figure-latex/barchart_rate-1.pdf Graphic file (type pdf)
<use C:/Users/samra/AppData/Local/Temp/Rtmp6X0Ogv/file2ba8fe86ba1_files/figure-latex/barchart_rate-1.pdf>
Package pdftex.def Info: C:/Users/samra/AppData/Local/Temp/Rtmp6X0Ogv/file2ba8fe86ba1_files/figure-latex/barchart_rate-1.pdf  used on input line 489.
(pdftex.def)             Requested size: 469.75386pt x 325.2142pt.


[6 <c:/Users/samra/AppData/Local/Temp/Rtmp6X0Ogv/file2ba8fe86ba1_files/figure-latex/barchart_fraction-1.pdf>]
<C:/Users/samra/AppData/Local/Temp/Rtmp6X0Ogv/file2ba8fe86ba1_files/figure-latex/barchart_count-1.pdf, id=79, 469.755pt x 325.215pt>
File: C:/Users/samra/AppData/Local/Temp/Rtmp6X0Ogv/file2ba8fe86ba1_files/figure-latex/barchart_count-1.pdf Graphic file (type pdf)
<use C:/Users/samra/AppData/Local/Temp/Rtmp6X0Ogv/file2ba8fe86ba1_files/figure-latex/barchart_count-1.pdf>
Package pdftex.def Info: C:/Users/samra/AppData/Local/Temp/Rtmp6X0Ogv/file2ba8fe86ba1_files/figure-latex/barchart_count-1.pdf  used on input line 496.
(pdftex.def)             Requested size: 469.75386pt x 325.2142pt.


[7 <c:/Users/samra/AppData/Local/Temp/Rtmp6X0Ogv/file2ba8fe86ba1_files/figure-latex/barchart_rate-1.pdf>]

pdfTeX warning: pdflatex.exe (file ./SDG381_region_tables/rmnch_infec_AMR.pdf): PDF inclusion: found PDF version <1.7>, but at most version <1.5> allowed
<SDG381_region_tables/rmnch_infec_AMR.pdf, id=92, 614.295pt x 794.97pt>
File: SDG381_region_tables/rmnch_infec_AMR.pdf Graphic file (type pdf)
<use SDG381_region_tables/rmnch_infec_AMR.pdf>
Package pdftex.def Info: SDG381_region_tables/rmnch_infec_AMR.pdf  used on input line 502.
(pdftex.def)             Requested size: 500.49133pt x 647.69469pt.


[8 <c:/Users/samra/AppData/Local/Temp/Rtmp6X0Ogv/file2ba8fe86ba1_files/figure-latex/barchart_count-1.pdf>]

pdfTeX warning: pdflatex.exe (file ./SDG381_region_tables/ncd_serv_AMR.pdf): PDF inclusion: found PDF version <1.7>, but at most version <1.5> allowed
<SDG381_region_tables/ncd_serv_AMR.pdf, id=104, 614.295pt x 794.97pt>
File: SDG381_region_tables/ncd_serv_AMR.pdf Graphic file (type pdf)
<use SDG381_region_tables/ncd_serv_AMR.pdf>
Package pdftex.def Info: SDG381_region_tables/ncd_serv_AMR.pdf  used on input line 506.
(pdftex.def)             Requested size: 500.49133pt x 647.69469pt.


[9 <./SDG381_region_tables/rmnch_infec_AMR.pdf>]

pdfTeX warning: pdflatex.exe (file ./SDG381_region_tables/sci_uhc_AMR.pdf): PDF inclusion: found PDF version <1.7>, but at most version <1.5> allowed
<SDG381_region_tables/sci_uhc_AMR.pdf, id=140, 614.295pt x 794.97pt>
File: SDG381_region_tables/sci_uhc_AMR.pdf Graphic file (type pdf)
<use SDG381_region_tables/sci_uhc_AMR.pdf>
Package pdftex.def Info: SDG381_region_tables/sci_uhc_AMR.pdf  used on input line 510.
(pdftex.def)             Requested size: 526.36185pt x 681.17418pt.

Overfull \hbox (25.87785pt too wide) in paragraph at lines 510--510
 [][] 
 []



[10 <./SDG381_region_tables/ncd_serv_AMR.pdf>]
Overfull \vbox (32.87505pt too high) has occurred while \output is active []



[11 <./SDG381_region_tables/sci_uhc_AMR.pdf>] (./file2ba8fe86ba1.aux)
 ***********
LaTeX2e <2024-06-01> patch level 2
L3 programming layer <2024-07-20>
 ***********
 ) 
Here is how much of TeX's memory you used:
 13948 strings out of 475538
 231585 string characters out of 5775875
 2008960 words of memory out of 5000000
 36337 multiletter control sequences out of 15000+600000
 611999 words of font info for 63 fonts, out of 8000000 for 9000
 14 hyphenation exceptions out of 8191
 75i,15n,79p,1194b,472s stack positions out of 10000i,1000n,20000p,200000b,200000s
<c:/Users/samra/AppData/Roaming/TinyTeX/texmf-dist/fonts/type1/google/carlito/Crlt-Regular.pfb><c:/Users/samra/AppData/Roaming/TinyTeX/texmf-dist/fonts/type1/public/lm/lmr10.pfb>
Output written on file2ba8fe86ba1.pdf (11 pages, 7612633 bytes).
PDF statistics:
 227 PDF objects out of 1000 (max. 8388607)
 172 compressed objects within 2 object streams
 23 named destinations out of 1000 (max. 500000)
 66 words of extra memory for PDF output out of 10000 (max. 10000000)

